# JRE version: OpenJDK Runtime Environment Temurin-21.0.10+7 (21.0.10+7) (build 21.0.10+7-LTS)
# Java VM: OpenJDK 64-Bit Server VM Temurin-21.0.10+7 (21.0.10+7-LTS, mixed mode, sharing, tiered, compressed oops, compressed class ptrs, parallel gc, windows-amd64)
GC Precious Log:
 CardTable entry size: 512
 CPUs: 16 total, 16 available
 Memory: 15754M
 Large Page Support: Disabled
 NUMA Support: Disabled
 Compressed Oops: Enabled (32-bit)
 Alignments: Space 512K, Generation 512K, Heap 2M
 Heap Min Capacity: 100M
 Heap Initial Capacity: 100M
 Heap Max Capacity: 2G
 Pre-touch: Disabled
 Parallel Workers: 13
Heap:
 PSYoungGen      total 3584K, used 3391K [0x00000000d5580000, 0x00000000d6f80000, 0x0000000100000000)
  eden space 2048K, 91% used [0x00000000d5580000,0x00000000d5752610,0x00000000d5780000)
  from space 1536K, 99% used [0x00000000d6000000,0x00000000d617d970,0x00000000d6180000)
  to   space 8704K, 0% used [0x00000000d5780000,0x00000000d5780000,0x00000000d6000000)
 ParOldGen       total 232960K, used 232770K [0x0000000080000000, 0x000000008e380000, 0x00000000d5580000)
  object space 232960K, 99% used [0x0000000080000000,0x000000008e350b80,0x000000008e380000)
 Metaspace       used 67502K, committed 69120K, reserved 1114112K
  class space    used 6741K, committed 7424K, reserved 1048576K
GC Heap History (20 events):
Event: 10.267 GC heap before
{Heap before GC invocations=110 (full 3):
 PSYoungGen      total 9728K, used 9408K [0x00000000d5580000, 0x00000000d6300000, 0x0000000100000000)
  eden space 8192K, 100% used [0x00000000d5580000,0x00000000d5d80000,0x00000000d5d80000)
  from space 1536K, 79% used [0x00000000d6180000,0x00000000d62b0020,0x00000000d6300000)
  to   space 2048K, 0% used [0x00000000d5f00000,0x00000000d5f00000,0x00000000d6100000)
 ParOldGen       total 214528K, used 214465K [0x0000000080000000, 0x000000008d180000, 0x00000000d5580000)
  object space 214528K, 99% used [0x0000000080000000,0x000000008d170518,0x000000008d180000)
 Metaspace       used 67299K, committed 68800K, reserved 1114112K
  class space    used 6741K, committed 7424K, reserved 1048576K
}
Event: 10.269 GC heap after
{Heap after GC invocations=110 (full 3):
 PSYoungGen      total 10240K, used 2020K [0x00000000d5580000, 0x00000000d6480000, 0x0000000100000000)
  eden space 8192K, 0% used [0x00000000d5580000,0x00000000d5580000,0x00000000d5d80000)
  from space 2048K, 98% used [0x00000000d5f00000,0x00000000d60f9308,0x00000000d6100000)
  to   space 3584K, 0% used [0x00000000d6100000,0x00000000d6100000,0x00000000d6480000)
 ParOldGen       total 215552K, used 215468K [0x0000000080000000, 0x000000008d280000, 0x00000000d5580000)
  object space 215552K, 99% used [0x0000000080000000,0x000000008d26b0f0,0x000000008d280000)
 Metaspace       used 67299K, committed 68800K, reserved 1114112K
  class space    used 6741K, committed 7424K, reserved 1048576K
}
Event: 10.289 GC heap before
{Heap before GC invocations=111 (full 3):
 PSYoungGen      total 10240K, used 10212K [0x00000000d5580000, 0x00000000d6480000, 0x0000000100000000)
  eden space 8192K, 100% used [0x00000000d5580000,0x00000000d5d80000,0x00000000d5d80000)
  from space 2048K, 98% used [0x00000000d5f00000,0x00000000d60f9308,0x00000000d6100000)
  to   space 3584K, 0% used [0x00000000d6100000,0x00000000d6100000,0x00000000d6480000)
 ParOldGen       total 215552K, used 215468K [0x0000000080000000, 0x000000008d280000, 0x00000000d5580000)
  object space 215552K, 99% used [0x0000000080000000,0x000000008d26b0f0,0x000000008d280000)
 Metaspace       used 67316K, committed 68864K, reserved 1114112K
  class space    used 6741K, committed 7424K, reserved 1048576K
}
Event: 10.328 GC heap after
{Heap after GC invocations=111 (full 3):
 PSYoungGen      total 12800K, used 2016K [0x00000000d5580000, 0x00000000d6480000, 0x0000000100000000)
  eden space 9216K, 0% used [0x00000000d5580000,0x00000000d5580000,0x00000000d5e80000)
  from space 3584K, 56% used [0x00000000d6100000,0x00000000d62f8010,0x00000000d6480000)
  to   space 2560K, 0% used [0x00000000d5e80000,0x00000000d5e80000,0x00000000d6100000)
 ParOldGen       total 217600K, used 217317K [0x0000000080000000, 0x000000008d480000, 0x00000000d5580000)
  object space 217600K, 99% used [0x0000000080000000,0x000000008d439428,0x000000008d480000)
 Metaspace       used 67316K, committed 68864K, reserved 1114112K
  class space    used 6741K, committed 7424K, reserved 1048576K
}
Event: 10.350 GC heap before
{Heap before GC invocations=112 (full 3):
 PSYoungGen      total 12800K, used 11232K [0x00000000d5580000, 0x00000000d6480000, 0x0000000100000000)
  eden space 9216K, 100% used [0x00000000d5580000,0x00000000d5e80000,0x00000000d5e80000)
  from space 3584K, 56% used [0x00000000d6100000,0x00000000d62f8010,0x00000000d6480000)
  to   space 2560K, 0% used [0x00000000d5e80000,0x00000000d5e80000,0x00000000d6100000)
 ParOldGen       total 217600K, used 217317K [0x0000000080000000, 0x000000008d480000, 0x00000000d5580000)
  object space 217600K, 99% used [0x0000000080000000,0x000000008d439428,0x000000008d480000)
 Metaspace       used 67329K, committed 68864K, reserved 1114112K
  class space    used 6741K, committed 7424K, reserved 1048576K
}
Event: 10.353 GC heap after
{Heap after GC invocations=112 (full 3):
 PSYoungGen      total 10752K, used 1376K [0x00000000d5580000, 0x00000000d6280000, 0x0000000100000000)
  eden space 9216K, 0% used [0x00000000d5580000,0x00000000d5580000,0x00000000d5e80000)
  from space 1536K, 89% used [0x00000000d5e80000,0x00000000d5fd8040,0x00000000d6000000)
  to   space 2048K, 0% used [0x00000000d6080000,0x00000000d6080000,0x00000000d6280000)
 ParOldGen       total 219136K, used 219069K [0x0000000080000000, 0x000000008d600000, 0x00000000d5580000)
  object space 219136K, 99% used [0x0000000080000000,0x000000008d5ef458,0x000000008d600000)
 Metaspace       used 67329K, committed 68864K, reserved 1114112K
  class space    used 6741K, committed 7424K, reserved 1048576K
}
Event: 10.390 GC heap before
{Heap before GC invocations=113 (full 3):
 PSYoungGen      total 10752K, used 10592K [0x00000000d5580000, 0x00000000d6280000, 0x0000000100000000)
  eden space 9216K, 100% used [0x00000000d5580000,0x00000000d5e80000,0x00000000d5e80000)
  from space 1536K, 89% used [0x00000000d5e80000,0x00000000d5fd8040,0x00000000d6000000)
  to   space 2048K, 0% used [0x00000000d6080000,0x00000000d6080000,0x00000000d6280000)
 ParOldGen       total 219136K, used 219069K [0x0000000080000000, 0x000000008d600000, 0x00000000d5580000)
  object space 219136K, 99% used [0x0000000080000000,0x000000008d5ef458,0x000000008d600000)
 Metaspace       used 67388K, committed 68928K, reserved 1114112K
  class space    used 6741K, committed 7424K, reserved 1048576K
}
Event: 10.392 GC heap after
{Heap after GC invocations=113 (full 3):
 PSYoungGen      total 11264K, used 1600K [0x00000000d5580000, 0x00000000d6280000, 0x0000000100000000)
  eden space 9216K, 0% used [0x00000000d5580000,0x00000000d5580000,0x00000000d5e80000)
  from space 2048K, 78% used [0x00000000d6080000,0x00000000d6210020,0x00000000d6280000)
  to   space 2048K, 0% used [0x00000000d5e80000,0x00000000d5e80000,0x00000000d6080000)
 ParOldGen       total 220672K, used 220198K [0x0000000080000000, 0x000000008d780000, 0x00000000d5580000)
  object space 220672K, 99% used [0x0000000080000000,0x000000008d709b48,0x000000008d780000)
 Metaspace       used 67388K, committed 68928K, reserved 1114112K
  class space    used 6741K, committed 7424K, reserved 1048576K
}
Event: 10.450 GC heap before
{Heap before GC invocations=114 (full 3):
 PSYoungGen      total 11264K, used 10816K [0x00000000d5580000, 0x00000000d6280000, 0x0000000100000000)
  eden space 9216K, 100% used [0x00000000d5580000,0x00000000d5e80000,0x00000000d5e80000)
  from space 2048K, 78% used [0x00000000d6080000,0x00000000d6210020,0x00000000d6280000)
  to   space 2048K, 0% used [0x00000000d5e80000,0x00000000d5e80000,0x00000000d6080000)
 ParOldGen       total 220672K, used 220198K [0x0000000080000000, 0x000000008d780000, 0x00000000d5580000)
  object space 220672K, 99% used [0x0000000080000000,0x000000008d709b48,0x000000008d780000)
 Metaspace       used 67409K, committed 68928K, reserved 1114112K
  class space    used 6741K, committed 7424K, reserved 1048576K
}
Event: 10.451 GC heap after
{Heap after GC invocations=114 (full 3):
 PSYoungGen      total 11264K, used 1664K [0x00000000d5580000, 0x00000000d6280000, 0x0000000100000000)
  eden space 9216K, 0% used [0x00000000d5580000,0x00000000d5580000,0x00000000d5e80000)
  from space 2048K, 81% used [0x00000000d5e80000,0x00000000d6020000,0x00000000d6080000)
  to   space 2048K, 0% used [0x00000000d6080000,0x00000000d6080000,0x00000000d6280000)
 ParOldGen       total 221696K, used 221610K [0x0000000080000000, 0x000000008d880000, 0x00000000d5580000)
  object space 221696K, 99% used [0x0000000080000000,0x000000008d86aa50,0x000000008d880000)
 Metaspace       used 67409K, committed 68928K, reserved 1114112K
  class space    used 6741K, committed 7424K, reserved 1048576K
}
Event: 10.526 GC heap before
{Heap before GC invocations=115 (full 3):
 PSYoungGen      total 11264K, used 10880K [0x00000000d5580000, 0x00000000d6280000, 0x0000000100000000)
  eden space 9216K, 100% used [0x00000000d5580000,0x00000000d5e80000,0x00000000d5e80000)
  from space 2048K, 81% used [0x00000000d5e80000,0x00000000d6020000,0x00000000d6080000)
  to   space 2048K, 0% used [0x00000000d6080000,0x00000000d6080000,0x00000000d6280000)
 ParOldGen       total 221696K, used 221610K [0x0000000080000000, 0x000000008d880000, 0x00000000d5580000)
  object space 221696K, 99% used [0x0000000080000000,0x000000008d86aa50,0x000000008d880000)
 Metaspace       used 67421K, committed 68928K, reserved 1114112K
  class space    used 6741K, committed 7424K, reserved 1048576K
}
Event: 10.530 GC heap after
{Heap after GC invocations=115 (full 3):
 PSYoungGen      total 11264K, used 1504K [0x00000000d5580000, 0x00000000d6280000, 0x0000000100000000)
  eden space 9216K, 0% used [0x00000000d5580000,0x00000000d5580000,0x00000000d5e80000)
  from space 2048K, 73% used [0x00000000d6080000,0x00000000d61f8000,0x00000000d6280000)
  to   space 2048K, 0% used [0x00000000d5e80000,0x00000000d5e80000,0x00000000d6080000)
 ParOldGen       total 223232K, used 223065K [0x0000000080000000, 0x000000008da00000, 0x00000000d5580000)
  object space 223232K, 99% used [0x0000000080000000,0x000000008d9d64d0,0x000000008da00000)
 Metaspace       used 67421K, committed 68928K, reserved 1114112K
  class space    used 6741K, committed 7424K, reserved 1048576K
}
Event: 10.622 GC heap before
{Heap before GC invocations=116 (full 3):
 PSYoungGen      total 11264K, used 10720K [0x00000000d5580000, 0x00000000d6280000, 0x0000000100000000)
  eden space 9216K, 100% used [0x00000000d5580000,0x00000000d5e80000,0x00000000d5e80000)
  from space 2048K, 73% used [0x00000000d6080000,0x00000000d61f8000,0x00000000d6280000)
  to   space 2048K, 0% used [0x00000000d5e80000,0x00000000d5e80000,0x00000000d6080000)
 ParOldGen       total 223232K, used 223065K [0x0000000080000000, 0x000000008da00000, 0x00000000d5580000)
  object space 223232K, 99% used [0x0000000080000000,0x000000008d9d64d0,0x000000008da00000)
 Metaspace       used 67459K, committed 68992K, reserved 1114112K
  class space    used 6741K, committed 7424K, reserved 1048576K
}
Event: 10.624 GC heap after
{Heap after GC invocations=116 (full 3):
 PSYoungGen      total 11264K, used 1616K [0x00000000d5580000, 0x00000000d6280000, 0x0000000100000000)
  eden space 9216K, 0% used [0x00000000d5580000,0x00000000d5580000,0x00000000d5e80000)
  from space 2048K, 78% used [0x00000000d5e80000,0x00000000d6014020,0x00000000d6080000)
  to   space 2048K, 0% used [0x00000000d6080000,0x00000000d6080000,0x00000000d6280000)
 ParOldGen       total 224768K, used 224333K [0x0000000080000000, 0x000000008db80000, 0x00000000d5580000)
  object space 224768K, 99% used [0x0000000080000000,0x000000008db13500,0x000000008db80000)
 Metaspace       used 67459K, committed 68992K, reserved 1114112K
  class space    used 6741K, committed 7424K, reserved 1048576K
}
Event: 10.703 GC heap before
{Heap before GC invocations=117 (full 3):
 PSYoungGen      total 11264K, used 10832K [0x00000000d5580000, 0x00000000d6280000, 0x0000000100000000)
  eden space 9216K, 100% used [0x00000000d5580000,0x00000000d5e80000,0x00000000d5e80000)
  from space 2048K, 78% used [0x00000000d5e80000,0x00000000d6014020,0x00000000d6080000)
  to   space 2048K, 0% used [0x00000000d6080000,0x00000000d6080000,0x00000000d6280000)
 ParOldGen       total 224768K, used 224333K [0x0000000080000000, 0x000000008db80000, 0x00000000d5580000)
  object space 224768K, 99% used [0x0000000080000000,0x000000008db13500,0x000000008db80000)
 Metaspace       used 67468K, committed 69056K, reserved 1114112K
  class space    used 6741K, committed 7424K, reserved 1048576K
}
Event: 10.705 GC heap after
{Heap after GC invocations=117 (full 3):
 PSYoungGen      total 11264K, used 1504K [0x00000000d5580000, 0x00000000d6280000, 0x0000000100000000)
  eden space 9216K, 0% used [0x00000000d5580000,0x00000000d5580000,0x00000000d5e80000)
  from space 2048K, 73% used [0x00000000d6080000,0x00000000d61f8020,0x00000000d6280000)
  to   space 2048K, 0% used [0x00000000d5e80000,0x00000000d5e80000,0x00000000d6080000)
 ParOldGen       total 225792K, used 225706K [0x0000000080000000, 0x000000008dc80000, 0x00000000d5580000)
  object space 225792K, 99% used [0x0000000080000000,0x000000008dc6a9d0,0x000000008dc80000)
 Metaspace       used 67468K, committed 69056K, reserved 1114112K
  class space    used 6741K, committed 7424K, reserved 1048576K
}
Event: 10.817 GC heap before
{Heap before GC invocations=118 (full 3):
 PSYoungGen      total 11264K, used 10720K [0x00000000d5580000, 0x00000000d6280000, 0x0000000100000000)
  eden space 9216K, 99% used [0x00000000d5580000,0x00000000d5e7fff0,0x00000000d5e80000)
  from space 2048K, 73% used [0x00000000d6080000,0x00000000d61f8020,0x00000000d6280000)
  to   space 2048K, 0% used [0x00000000d5e80000,0x00000000d5e80000,0x00000000d6080000)
 ParOldGen       total 225792K, used 225706K [0x0000000080000000, 0x000000008dc80000, 0x00000000d5580000)
  object space 225792K, 99% used [0x0000000080000000,0x000000008dc6a9d0,0x000000008dc80000)
 Metaspace       used 67502K, committed 69120K, reserved 1114112K
  class space    used 6741K, committed 7424K, reserved 1048576K
}
Event: 10.818 GC heap after
{Heap after GC invocations=118 (full 3):
 PSYoungGen      total 10752K, used 1248K [0x00000000d5580000, 0x00000000d6180000, 0x0000000100000000)
  eden space 9216K, 0% used [0x00000000d5580000,0x00000000d5580000,0x00000000d5e80000)
  from space 1536K, 81% used [0x00000000d5e80000,0x00000000d5fb8020,0x00000000d6000000)
  to   space 1536K, 0% used [0x00000000d6000000,0x00000000d6000000,0x00000000d6180000)
 ParOldGen       total 227328K, used 227004K [0x0000000080000000, 0x000000008de00000, 0x00000000d5580000)
  object space 227328K, 99% used [0x0000000080000000,0x000000008ddaf030,0x000000008de00000)
 Metaspace       used 67502K, committed 69120K, reserved 1114112K
  class space    used 6741K, committed 7424K, reserved 1048576K
}
Event: 10.894 GC heap before
{Heap before GC invocations=119 (full 3):
 PSYoungGen      total 10752K, used 10464K [0x00000000d5580000, 0x00000000d6180000, 0x0000000100000000)
  eden space 9216K, 99% used [0x00000000d5580000,0x00000000d5e7fff8,0x00000000d5e80000)
  from space 1536K, 81% used [0x00000000d5e80000,0x00000000d5fb8020,0x00000000d6000000)
  to   space 1536K, 0% used [0x00000000d6000000,0x00000000d6000000,0x00000000d6180000)
 ParOldGen       total 227328K, used 227004K [0x0000000080000000, 0x000000008de00000, 0x00000000d5580000)
  object space 227328K, 99% used [0x0000000080000000,0x000000008ddaf030,0x000000008de00000)
 Metaspace       used 67502K, committed 69120K, reserved 1114112K
  class space    used 6741K, committed 7424K, reserved 1048576K
}
Event: 10.897 GC heap after
{Heap after GC invocations=119 (full 3):
 PSYoungGen      total 3584K, used 1526K [0x00000000d5580000, 0x00000000d6f80000, 0x0000000100000000)
  eden space 2048K, 0% used [0x00000000d5580000,0x00000000d5580000,0x00000000d5780000)
  from space 1536K, 99% used [0x00000000d6000000,0x00000000d617d970,0x00000000d6180000)
  to   space 8704K, 0% used [0x00000000d5780000,0x00000000d5780000,0x00000000d6000000)
 ParOldGen       total 232960K, used 232770K [0x0000000080000000, 0x000000008e380000, 0x00000000d5580000)
  object space 232960K, 99% used [0x0000000080000000,0x000000008e350b80,0x000000008e380000)
 Metaspace       used 67502K, committed 69120K, reserved 1114112K
  class space    used 6741K, committed 7424K, reserved 1048576K
}

