# JRE version: OpenJDK Runtime Environment Temurin-21.0.10+7 (21.0.10+7) (build 21.0.10+7-LTS)
# Java VM: OpenJDK 64-Bit Server VM Temurin-21.0.10+7 (21.0.10+7-LTS, mixed mode, sharing, tiered, compressed oops, compressed class ptrs, parallel gc, windows-amd64)
GC Precious Log:
 CardTable entry size: 512
 CPUs: 16 total, 16 available
 Memory: 15754M
 Large Page Support: Disabled
 NUMA Support: Disabled
 Compressed Oops: Enabled (32-bit)
 Alignments: Space 512K, Generation 512K, Heap 2M
 Heap Min Capacity: 100M
 Heap Initial Capacity: 100M
 Heap Max Capacity: 2G
 Pre-touch: Disabled
 Parallel Workers: 13
Heap:
 PSYoungGen      total 8192K, used 7234K [0x00000000d5580000, 0x00000000d5f00000, 0x0000000100000000)
  eden space 6656K, 91% used [0x00000000d5580000,0x00000000d5b70970,0x00000000d5c00000)
  from space 1536K, 75% used [0x00000000d5c00000,0x00000000d5d20000,0x00000000d5d80000)
  to   space 1536K, 0% used [0x00000000d5d80000,0x00000000d5d80000,0x00000000d5f00000)
 ParOldGen       total 249344K, used 172986K [0x0000000080000000, 0x000000008f380000, 0x00000000d5580000)
  object space 249344K, 69% used [0x0000000080000000,0x000000008a8eeba0,0x000000008f380000)
 Metaspace       used 85885K, committed 87808K, reserved 1179648K
  class space    used 8809K, committed 9664K, reserved 1048576K
GC Heap History (20 events):
Event: 297.935 GC heap before
{Heap before GC invocations=206 (full 4):
 PSYoungGen      total 8192K, used 8096K [0x00000000d5580000, 0x00000000d6100000, 0x0000000100000000)
  eden space 7680K, 100% used [0x00000000d5580000,0x00000000d5d00000,0x00000000d5d00000)
  from space 512K, 81% used [0x00000000d6000000,0x00000000d6068000,0x00000000d6080000)
  to   space 512K, 0% used [0x00000000d6080000,0x00000000d6080000,0x00000000d6100000)
 ParOldGen       total 249344K, used 164080K [0x0000000080000000, 0x000000008f380000, 0x00000000d5580000)
  object space 249344K, 65% used [0x0000000080000000,0x000000008a03c248,0x000000008f380000)
 Metaspace       used 85309K, committed 87168K, reserved 1179648K
  class space    used 8798K, committed 9600K, reserved 1048576K
}
Event: 297.936 GC heap after
{Heap after GC invocations=206 (full 4):
 PSYoungGen      total 8192K, used 512K [0x00000000d5580000, 0x00000000d6100000, 0x0000000100000000)
  eden space 7680K, 0% used [0x00000000d5580000,0x00000000d5580000,0x00000000d5d00000)
  from space 512K, 100% used [0x00000000d6080000,0x00000000d6100000,0x00000000d6100000)
  to   space 1024K, 0% used [0x00000000d5f00000,0x00000000d5f00000,0x00000000d6000000)
 ParOldGen       total 249344K, used 164328K [0x0000000080000000, 0x000000008f380000, 0x00000000d5580000)
  object space 249344K, 65% used [0x0000000080000000,0x000000008a07a248,0x000000008f380000)
 Metaspace       used 85309K, committed 87168K, reserved 1179648K
  class space    used 8798K, committed 9600K, reserved 1048576K
}
Event: 297.995 GC heap before
{Heap before GC invocations=207 (full 4):
 PSYoungGen      total 8192K, used 8192K [0x00000000d5580000, 0x00000000d6100000, 0x0000000100000000)
  eden space 7680K, 100% used [0x00000000d5580000,0x00000000d5d00000,0x00000000d5d00000)
  from space 512K, 100% used [0x00000000d6080000,0x00000000d6100000,0x00000000d6100000)
  to   space 1024K, 0% used [0x00000000d5f00000,0x00000000d5f00000,0x00000000d6000000)
 ParOldGen       total 249344K, used 164328K [0x0000000080000000, 0x000000008f380000, 0x00000000d5580000)
  object space 249344K, 65% used [0x0000000080000000,0x000000008a07a248,0x000000008f380000)
 Metaspace       used 85371K, committed 87232K, reserved 1179648K
  class space    used 8803K, committed 9600K, reserved 1048576K
}
Event: 297.997 GC heap after
{Heap after GC invocations=207 (full 4):
 PSYoungGen      total 8704K, used 1008K [0x00000000d5580000, 0x00000000d6100000, 0x0000000100000000)
  eden space 7680K, 0% used [0x00000000d5580000,0x00000000d5580000,0x00000000d5d00000)
  from space 1024K, 98% used [0x00000000d5f00000,0x00000000d5ffc030,0x00000000d6000000)
  to   space 1024K, 0% used [0x00000000d6000000,0x00000000d6000000,0x00000000d6100000)
 ParOldGen       total 249344K, used 164872K [0x0000000080000000, 0x000000008f380000, 0x00000000d5580000)
  object space 249344K, 66% used [0x0000000080000000,0x000000008a102258,0x000000008f380000)
 Metaspace       used 85371K, committed 87232K, reserved 1179648K
  class space    used 8803K, committed 9600K, reserved 1048576K
}
Event: 298.123 GC heap before
{Heap before GC invocations=208 (full 4):
 PSYoungGen      total 8704K, used 8688K [0x00000000d5580000, 0x00000000d6100000, 0x0000000100000000)
  eden space 7680K, 100% used [0x00000000d5580000,0x00000000d5d00000,0x00000000d5d00000)
  from space 1024K, 98% used [0x00000000d5f00000,0x00000000d5ffc030,0x00000000d6000000)
  to   space 1024K, 0% used [0x00000000d6000000,0x00000000d6000000,0x00000000d6100000)
 ParOldGen       total 249344K, used 164872K [0x0000000080000000, 0x000000008f380000, 0x00000000d5580000)
  object space 249344K, 66% used [0x0000000080000000,0x000000008a102258,0x000000008f380000)
 Metaspace       used 85443K, committed 87296K, reserved 1179648K
  class space    used 8803K, committed 9600K, reserved 1048576K
}
Event: 298.125 GC heap after
{Heap after GC invocations=208 (full 4):
 PSYoungGen      total 8704K, used 1008K [0x00000000d5580000, 0x00000000d6200000, 0x0000000100000000)
  eden space 7680K, 0% used [0x00000000d5580000,0x00000000d5580000,0x00000000d5d00000)
  from space 1024K, 98% used [0x00000000d6000000,0x00000000d60fc010,0x00000000d6100000)
  to   space 2560K, 0% used [0x00000000d5d00000,0x00000000d5d00000,0x00000000d5f80000)
 ParOldGen       total 249344K, used 166080K [0x0000000080000000, 0x000000008f380000, 0x00000000d5580000)
  object space 249344K, 66% used [0x0000000080000000,0x000000008a2302e8,0x000000008f380000)
 Metaspace       used 85443K, committed 87296K, reserved 1179648K
  class space    used 8803K, committed 9600K, reserved 1048576K
}
Event: 298.199 GC heap before
{Heap before GC invocations=209 (full 4):
 PSYoungGen      total 8704K, used 8688K [0x00000000d5580000, 0x00000000d6200000, 0x0000000100000000)
  eden space 7680K, 100% used [0x00000000d5580000,0x00000000d5d00000,0x00000000d5d00000)
  from space 1024K, 98% used [0x00000000d6000000,0x00000000d60fc010,0x00000000d6100000)
  to   space 2560K, 0% used [0x00000000d5d00000,0x00000000d5d00000,0x00000000d5f80000)
 ParOldGen       total 249344K, used 166080K [0x0000000080000000, 0x000000008f380000, 0x00000000d5580000)
  object space 249344K, 66% used [0x0000000080000000,0x000000008a2302e8,0x000000008f380000)
 Metaspace       used 85486K, committed 87360K, reserved 1179648K
  class space    used 8805K, committed 9600K, reserved 1048576K
}
Event: 298.201 GC heap after
{Heap after GC invocations=209 (full 4):
 PSYoungGen      total 8704K, used 896K [0x00000000d5580000, 0x00000000d6080000, 0x0000000100000000)
  eden space 7680K, 0% used [0x00000000d5580000,0x00000000d5580000,0x00000000d5d00000)
  from space 1024K, 87% used [0x00000000d5d00000,0x00000000d5de0000,0x00000000d5e00000)
  to   space 1536K, 0% used [0x00000000d5f00000,0x00000000d5f00000,0x00000000d6080000)
 ParOldGen       total 249344K, used 167017K [0x0000000080000000, 0x000000008f380000, 0x00000000d5580000)
  object space 249344K, 66% used [0x0000000080000000,0x000000008a31a7f0,0x000000008f380000)
 Metaspace       used 85486K, committed 87360K, reserved 1179648K
  class space    used 8805K, committed 9600K, reserved 1048576K
}
Event: 298.298 GC heap before
{Heap before GC invocations=210 (full 4):
 PSYoungGen      total 8704K, used 8576K [0x00000000d5580000, 0x00000000d6080000, 0x0000000100000000)
  eden space 7680K, 100% used [0x00000000d5580000,0x00000000d5d00000,0x00000000d5d00000)
  from space 1024K, 87% used [0x00000000d5d00000,0x00000000d5de0000,0x00000000d5e00000)
  to   space 1536K, 0% used [0x00000000d5f00000,0x00000000d5f00000,0x00000000d6080000)
 ParOldGen       total 249344K, used 167017K [0x0000000080000000, 0x000000008f380000, 0x00000000d5580000)
  object space 249344K, 66% used [0x0000000080000000,0x000000008a31a7f0,0x000000008f380000)
 Metaspace       used 85529K, committed 87360K, reserved 1179648K
  class space    used 8805K, committed 9600K, reserved 1048576K
}
Event: 298.300 GC heap after
{Heap after GC invocations=210 (full 4):
 PSYoungGen      total 8192K, used 1522K [0x00000000d5580000, 0x00000000d6300000, 0x0000000100000000)
  eden space 6656K, 0% used [0x00000000d5580000,0x00000000d5580000,0x00000000d5c00000)
  from space 1536K, 99% used [0x00000000d5f00000,0x00000000d607c968,0x00000000d6080000)
  to   space 3072K, 0% used [0x00000000d5c00000,0x00000000d5c00000,0x00000000d5f00000)
 ParOldGen       total 249344K, used 167934K [0x0000000080000000, 0x000000008f380000, 0x00000000d5580000)
  object space 249344K, 67% used [0x0000000080000000,0x000000008a3ff8a0,0x000000008f380000)
 Metaspace       used 85529K, committed 87360K, reserved 1179648K
  class space    used 8805K, committed 9600K, reserved 1048576K
}
Event: 298.370 GC heap before
{Heap before GC invocations=211 (full 4):
 PSYoungGen      total 8192K, used 8178K [0x00000000d5580000, 0x00000000d6300000, 0x0000000100000000)
  eden space 6656K, 100% used [0x00000000d5580000,0x00000000d5c00000,0x00000000d5c00000)
  from space 1536K, 99% used [0x00000000d5f00000,0x00000000d607c968,0x00000000d6080000)
  to   space 3072K, 0% used [0x00000000d5c00000,0x00000000d5c00000,0x00000000d5f00000)
 ParOldGen       total 249344K, used 167934K [0x0000000080000000, 0x000000008f380000, 0x00000000d5580000)
  object space 249344K, 67% used [0x0000000080000000,0x000000008a3ff8a0,0x000000008f380000)
 Metaspace       used 85593K, committed 87424K, reserved 1179648K
  class space    used 8805K, committed 9600K, reserved 1048576K
}
Event: 298.372 GC heap after
{Heap after GC invocations=211 (full 4):
 PSYoungGen      total 7680K, used 928K [0x00000000d5580000, 0x00000000d5f80000, 0x0000000100000000)
  eden space 6656K, 0% used [0x00000000d5580000,0x00000000d5580000,0x00000000d5c00000)
  from space 1024K, 90% used [0x00000000d5c00000,0x00000000d5ce8000,0x00000000d5d00000)
  to   space 1536K, 0% used [0x00000000d5e00000,0x00000000d5e00000,0x00000000d5f80000)
 ParOldGen       total 249344K, used 169316K [0x0000000080000000, 0x000000008f380000, 0x00000000d5580000)
  object space 249344K, 67% used [0x0000000080000000,0x000000008a559008,0x000000008f380000)
 Metaspace       used 85593K, committed 87424K, reserved 1179648K
  class space    used 8805K, committed 9600K, reserved 1048576K
}
Event: 298.418 GC heap before
{Heap before GC invocations=212 (full 4):
 PSYoungGen      total 7680K, used 7584K [0x00000000d5580000, 0x00000000d5f80000, 0x0000000100000000)
  eden space 6656K, 100% used [0x00000000d5580000,0x00000000d5c00000,0x00000000d5c00000)
  from space 1024K, 90% used [0x00000000d5c00000,0x00000000d5ce8000,0x00000000d5d00000)
  to   space 1536K, 0% used [0x00000000d5e00000,0x00000000d5e00000,0x00000000d5f80000)
 ParOldGen       total 249344K, used 169316K [0x0000000080000000, 0x000000008f380000, 0x00000000d5580000)
  object space 249344K, 67% used [0x0000000080000000,0x000000008a559008,0x000000008f380000)
 Metaspace       used 85702K, committed 87616K, reserved 1179648K
  class space    used 8806K, committed 9664K, reserved 1048576K
}
Event: 298.420 GC heap after
{Heap after GC invocations=212 (full 4):
 PSYoungGen      total 8192K, used 1248K [0x00000000d5580000, 0x00000000d5f80000, 0x0000000100000000)
  eden space 6656K, 0% used [0x00000000d5580000,0x00000000d5580000,0x00000000d5c00000)
  from space 1536K, 81% used [0x00000000d5e00000,0x00000000d5f38000,0x00000000d5f80000)
  to   space 1536K, 0% used [0x00000000d5c80000,0x00000000d5c80000,0x00000000d5e00000)
 ParOldGen       total 249344K, used 170036K [0x0000000080000000, 0x000000008f380000, 0x00000000d5580000)
  object space 249344K, 68% used [0x0000000080000000,0x000000008a60d0a8,0x000000008f380000)
 Metaspace       used 85702K, committed 87616K, reserved 1179648K
  class space    used 8806K, committed 9664K, reserved 1048576K
}
Event: 298.471 GC heap before
{Heap before GC invocations=213 (full 4):
 PSYoungGen      total 8192K, used 7904K [0x00000000d5580000, 0x00000000d5f80000, 0x0000000100000000)
  eden space 6656K, 100% used [0x00000000d5580000,0x00000000d5c00000,0x00000000d5c00000)
  from space 1536K, 81% used [0x00000000d5e00000,0x00000000d5f38000,0x00000000d5f80000)
  to   space 1536K, 0% used [0x00000000d5c80000,0x00000000d5c80000,0x00000000d5e00000)
 ParOldGen       total 249344K, used 170036K [0x0000000080000000, 0x000000008f380000, 0x00000000d5580000)
  object space 249344K, 68% used [0x0000000080000000,0x000000008a60d0a8,0x000000008f380000)
 Metaspace       used 85778K, committed 87680K, reserved 1179648K
  class space    used 8807K, committed 9664K, reserved 1048576K
}
Event: 298.474 GC heap after
{Heap after GC invocations=213 (full 4):
 PSYoungGen      total 8192K, used 1344K [0x00000000d5580000, 0x00000000d5f00000, 0x0000000100000000)
  eden space 6656K, 0% used [0x00000000d5580000,0x00000000d5580000,0x00000000d5c00000)
  from space 1536K, 87% used [0x00000000d5c80000,0x00000000d5dd0000,0x00000000d5e00000)
  to   space 1024K, 0% used [0x00000000d5e00000,0x00000000d5e00000,0x00000000d5f00000)
 ParOldGen       total 249344K, used 170990K [0x0000000080000000, 0x000000008f380000, 0x00000000d5580000)
  object space 249344K, 68% used [0x0000000080000000,0x000000008a6fb8b8,0x000000008f380000)
 Metaspace       used 85778K, committed 87680K, reserved 1179648K
  class space    used 8807K, committed 9664K, reserved 1048576K
}
Event: 298.571 GC heap before
{Heap before GC invocations=214 (full 4):
 PSYoungGen      total 8192K, used 8000K [0x00000000d5580000, 0x00000000d5f00000, 0x0000000100000000)
  eden space 6656K, 100% used [0x00000000d5580000,0x00000000d5c00000,0x00000000d5c00000)
  from space 1536K, 87% used [0x00000000d5c80000,0x00000000d5dd0000,0x00000000d5e00000)
  to   space 1024K, 0% used [0x00000000d5e00000,0x00000000d5e00000,0x00000000d5f00000)
 ParOldGen       total 249344K, used 170990K [0x0000000080000000, 0x000000008f380000, 0x00000000d5580000)
  object space 249344K, 68% used [0x0000000080000000,0x000000008a6fb8b8,0x000000008f380000)
 Metaspace       used 85811K, committed 87744K, reserved 1179648K
  class space    used 8807K, committed 9664K, reserved 1048576K
}
Event: 298.573 GC heap after
{Heap after GC invocations=214 (full 4):
 PSYoungGen      total 7680K, used 992K [0x00000000d5580000, 0x00000000d5f00000, 0x0000000100000000)
  eden space 6656K, 0% used [0x00000000d5580000,0x00000000d5580000,0x00000000d5c00000)
  from space 1024K, 96% used [0x00000000d5e00000,0x00000000d5ef8000,0x00000000d5f00000)
  to   space 1536K, 0% used [0x00000000d5c00000,0x00000000d5c00000,0x00000000d5d80000)
 ParOldGen       total 249344K, used 172166K [0x0000000080000000, 0x000000008f380000, 0x00000000d5580000)
  object space 249344K, 69% used [0x0000000080000000,0x000000008a821970,0x000000008f380000)
 Metaspace       used 85811K, committed 87744K, reserved 1179648K
  class space    used 8807K, committed 9664K, reserved 1048576K
}
Event: 298.667 GC heap before
{Heap before GC invocations=215 (full 4):
 PSYoungGen      total 7680K, used 7648K [0x00000000d5580000, 0x00000000d5f00000, 0x0000000100000000)
  eden space 6656K, 100% used [0x00000000d5580000,0x00000000d5c00000,0x00000000d5c00000)
  from space 1024K, 96% used [0x00000000d5e00000,0x00000000d5ef8000,0x00000000d5f00000)
  to   space 1536K, 0% used [0x00000000d5c00000,0x00000000d5c00000,0x00000000d5d80000)
 ParOldGen       total 249344K, used 172166K [0x0000000080000000, 0x000000008f380000, 0x00000000d5580000)
  object space 249344K, 69% used [0x0000000080000000,0x000000008a821970,0x000000008f380000)
 Metaspace       used 85859K, committed 87744K, reserved 1179648K
  class space    used 8807K, committed 9664K, reserved 1048576K
}
Event: 298.669 GC heap after
{Heap after GC invocations=215 (full 4):
 PSYoungGen      total 8192K, used 1152K [0x00000000d5580000, 0x00000000d5f00000, 0x0000000100000000)
  eden space 6656K, 0% used [0x00000000d5580000,0x00000000d5580000,0x00000000d5c00000)
  from space 1536K, 75% used [0x00000000d5c00000,0x00000000d5d20000,0x00000000d5d80000)
  to   space 1536K, 0% used [0x00000000d5d80000,0x00000000d5d80000,0x00000000d5f00000)
 ParOldGen       total 249344K, used 172986K [0x0000000080000000, 0x000000008f380000, 0x00000000d5580000)
  object space 249344K, 69% used [0x0000000080000000,0x000000008a8eeba0,0x000000008f380000)
 Metaspace       used 85859K, committed 87744K, reserved 1179648K
  class space    used 8807K, committed 9664K, reserved 1048576K
}

